CRITICAL - 2022-01-06 04:46:21 --> strpos(): Offset not contained in string
#0 [internal function]: CodeIgniter\Debug\Exceptions->errorHandler(2, 'strpos(): Offse...', 'C:\\xampp\\htdocs...', 724, Array)
#1 C:\xampp\htdocs\bootcamp\codeigniter\system\Validation\Validation.php(724): strpos('required|valid_...', '|', 47)
#2 C:\xampp\htdocs\bootcamp\codeigniter\system\Validation\Validation.php(138): CodeIgniter\Validation\Validation->splitRules(Array)
#3 C:\xampp\htdocs\bootcamp\codeigniter\system\Controller.php(160): CodeIgniter\Validation\Validation->run()
#4 C:\xampp\htdocs\bootcamp\codeigniter\app\Controllers\Home.php(15): CodeIgniter\Controller->validate(Array)
#5 C:\xampp\htdocs\bootcamp\codeigniter\system\CodeIgniter.php(825): App\Controllers\Home->checkemail()
#6 C:\xampp\htdocs\bootcamp\codeigniter\system\CodeIgniter.php(412): CodeIgniter\CodeIgniter->runController(Object(App\Controllers\Home))
#7 C:\xampp\htdocs\bootcamp\codeigniter\system\CodeIgniter.php(320): CodeIgniter\CodeIgniter->handleRequest(NULL, Object(Config\Cache), false)
#8 C:\xampp\htdocs\bootcamp\codeigniter\public\index.php(37): CodeIgniter\CodeIgniter->run()
#9 C:\xampp\htdocs\bootcamp\codeigniter\system\Commands\Server\rewrite.php(43): require_once('C:\\xampp\\htdocs...')
#10 {main}
CRITICAL - 2022-01-06 04:53:01 --> Allowed fields must be specified for model: App\Models\EmailModel
#0 C:\xampp\htdocs\bootcamp\codeigniter\system\BaseModel.php(1138): CodeIgniter\Database\Exceptions\DataException::forInvalidAllowedFields('App\\Models\\Emai...')
#1 C:\xampp\htdocs\bootcamp\codeigniter\system\BaseModel.php(713): CodeIgniter\BaseModel->doProtectFields(Array)
#2 C:\xampp\htdocs\bootcamp\codeigniter\system\Model.php(625): CodeIgniter\BaseModel->insert(Array, true)
#3 C:\xampp\htdocs\bootcamp\codeigniter\app\Controllers\Home.php(31): CodeIgniter\Model->insert(Array)
#4 C:\xampp\htdocs\bootcamp\codeigniter\system\CodeIgniter.php(825): App\Controllers\Home->addNewEmail()
#5 C:\xampp\htdocs\bootcamp\codeigniter\system\CodeIgniter.php(412): CodeIgniter\CodeIgniter->runController(Object(App\Controllers\Home))
#6 C:\xampp\htdocs\bootcamp\codeigniter\system\CodeIgniter.php(320): CodeIgniter\CodeIgniter->handleRequest(NULL, Object(Config\Cache), false)
#7 C:\xampp\htdocs\bootcamp\codeigniter\public\index.php(37): CodeIgniter\CodeIgniter->run()
#8 C:\xampp\htdocs\bootcamp\codeigniter\system\Commands\Server\rewrite.php(43): require_once('C:\\xampp\\htdocs...')
#9 {main}
CRITICAL - 2022-01-06 04:57:41 --> Illegal string offset 'id'
#0 C:\xampp\htdocs\bootcamp\codeigniter\app\Views\viewEmails.php(4): CodeIgniter\Debug\Exceptions->errorHandler(2, 'Illegal string ...', 'C:\\xampp\\htdocs...', 4, Array)
#1 C:\xampp\htdocs\bootcamp\codeigniter\system\View\View.php(210): include('C:\\xampp\\htdocs...')
#2 C:\xampp\htdocs\bootcamp\codeigniter\system\View\View.php(213): CodeIgniter\View\View->CodeIgniter\View\{closure}()
#3 C:\xampp\htdocs\bootcamp\codeigniter\system\Common.php(1089): CodeIgniter\View\View->render('viewEmails', Array, true)
#4 C:\xampp\htdocs\bootcamp\codeigniter\app\Controllers\Home.php(45): view('viewEmails', Array)
#5 C:\xampp\htdocs\bootcamp\codeigniter\system\CodeIgniter.php(825): App\Controllers\Home->checkIndividualEmail('1')
#6 C:\xampp\htdocs\bootcamp\codeigniter\system\CodeIgniter.php(412): CodeIgniter\CodeIgniter->runController(Object(App\Controllers\Home))
#7 C:\xampp\htdocs\bootcamp\codeigniter\system\CodeIgniter.php(320): CodeIgniter\CodeIgniter->handleRequest(NULL, Object(Config\Cache), false)
#8 C:\xampp\htdocs\bootcamp\codeigniter\public\index.php(37): CodeIgniter\CodeIgniter->run()
#9 C:\xampp\htdocs\bootcamp\codeigniter\system\Commands\Server\rewrite.php(43): require_once('C:\\xampp\\htdocs...')
#10 {main}
CRITICAL - 2022-01-06 04:58:52 --> Illegal string offset 'id'
#0 C:\xampp\htdocs\bootcamp\codeigniter\app\Views\viewEmails.php(4): CodeIgniter\Debug\Exceptions->errorHandler(2, 'Illegal string ...', 'C:\\xampp\\htdocs...', 4, Array)
#1 C:\xampp\htdocs\bootcamp\codeigniter\system\View\View.php(210): include('C:\\xampp\\htdocs...')
#2 C:\xampp\htdocs\bootcamp\codeigniter\system\View\View.php(213): CodeIgniter\View\View->CodeIgniter\View\{closure}()
#3 C:\xampp\htdocs\bootcamp\codeigniter\system\Common.php(1089): CodeIgniter\View\View->render('viewEmails', Array, true)
#4 C:\xampp\htdocs\bootcamp\codeigniter\app\Controllers\Home.php(45): view('viewEmails', Array)
#5 C:\xampp\htdocs\bootcamp\codeigniter\system\CodeIgniter.php(825): App\Controllers\Home->checkIndividualEmail('1')
#6 C:\xampp\htdocs\bootcamp\codeigniter\system\CodeIgniter.php(412): CodeIgniter\CodeIgniter->runController(Object(App\Controllers\Home))
#7 C:\xampp\htdocs\bootcamp\codeigniter\system\CodeIgniter.php(320): CodeIgniter\CodeIgniter->handleRequest(NULL, Object(Config\Cache), false)
#8 C:\xampp\htdocs\bootcamp\codeigniter\public\index.php(37): CodeIgniter\CodeIgniter->run()
#9 C:\xampp\htdocs\bootcamp\codeigniter\system\Commands\Server\rewrite.php(43): require_once('C:\\xampp\\htdocs...')
#10 {main}
